[     236ms] [WARNING] [Blueprint] useHotkeys() was used outside of a <HotkeysProvider> context. These hotkeys will not be shown in the hotkeys help dialog. @ https://salimentos-ia.palantirfoundry.com/assets/content-addressable-storage/frontend/8c6498fe2e33d10b91bfbde02d8da1ac9c3800a673f88709eef6586db133fafc.js:1
[     508ms] [WARNING] [Blueprint] useHotkeys() was used outside of a <HotkeysProvider> context. These hotkeys will not be shown in the hotkeys help dialog. @ https://salimentos-ia.palantirfoundry.com/assets/content-addressable-storage/frontend/8c6498fe2e33d10b91bfbde02d8da1ac9c3800a673f88709eef6586db133fafc.js:1
[   11152ms] [WARNING] [Blueprint] useHotkeys() was used outside of a <HotkeysProvider> context. These hotkeys will not be shown in the hotkeys help dialog. @ https://salimentos-ia.palantirfoundry.com/assets/content-addressable-storage/frontend/8c6498fe2e33d10b91bfbde02d8da1ac9c3800a673f88709eef6586db133fafc.js:1
[   11155ms] [LOG] Redoodle logging turned off when running in production. @ https://salimentos-ia.palantirfoundry.com/assets/content-addressable-storage/frontend/7550243bbd8f10dea951f4bff285af6abb878362d471d186cc23b7e83c9e39ba.js:2
[   11456ms] [WARNING] [Blueprint] useHotkeys() was used outside of a <HotkeysProvider> context. These hotkeys will not be shown in the hotkeys help dialog. @ https://salimentos-ia.palantirfoundry.com/assets/content-addressable-storage/frontend/8c6498fe2e33d10b91bfbde02d8da1ac9c3800a673f88709eef6586db133fafc.js:1
[   11833ms] [ERROR] Failed to load resource: the server responded with a status of 404 () @ https://salimentos-ia.palantirfoundry.com/assets/static/foundry-frontend-preview-app/6.497.35/default/asset/preview-app/unknown.ico:0
[  184882ms] [WARNING] [Blueprint] useHotkeys() was used outside of a <HotkeysProvider> context. These hotkeys will not be shown in the hotkeys help dialog. @ https://salimentos-ia.palantirfoundry.com/assets/content-addressable-storage/frontend/8c6498fe2e33d10b91bfbde02d8da1ac9c3800a673f88709eef6586db133fafc.js:1
[  184885ms] [LOG] Redoodle logging turned off when running in production. @ https://salimentos-ia.palantirfoundry.com/assets/content-addressable-storage/frontend/7550243bbd8f10dea951f4bff285af6abb878362d471d186cc23b7e83c9e39ba.js:2
[  185087ms] [WARNING] [Blueprint] useHotkeys() was used outside of a <HotkeysProvider> context. These hotkeys will not be shown in the hotkeys help dialog. @ https://salimentos-ia.palantirfoundry.com/assets/content-addressable-storage/frontend/8c6498fe2e33d10b91bfbde02d8da1ac9c3800a673f88709eef6586db133fafc.js:1
[  198487ms] [WARNING] [Blueprint] useHotkeys() was used outside of a <HotkeysProvider> context. These hotkeys will not be shown in the hotkeys help dialog. @ https://salimentos-ia.palantirfoundry.com/assets/content-addressable-storage/frontend/8c6498fe2e33d10b91bfbde02d8da1ac9c3800a673f88709eef6586db133fafc.js:1
[  198490ms] [LOG] Redoodle logging turned off when running in production. @ https://salimentos-ia.palantirfoundry.com/assets/content-addressable-storage/frontend/7550243bbd8f10dea951f4bff285af6abb878362d471d186cc23b7e83c9e39ba.js:2
[  198994ms] [WARNING] [Blueprint] useHotkeys() was used outside of a <HotkeysProvider> context. These hotkeys will not be shown in the hotkeys help dialog. @ https://salimentos-ia.palantirfoundry.com/assets/content-addressable-storage/frontend/8c6498fe2e33d10b91bfbde02d8da1ac9c3800a673f88709eef6586db133fafc.js:1
[  199153ms] [ERROR] %c GraphQL  background-color:#E10098;padding:2px;border-radius:10px; ResourceHeaderQuery {variables: Object, error: TypeError: Failed to fetch
    at https://salimentos-ia.palantirfoundry.com/assets/content-addressa…} @ https://salimentos-ia.palantirfoundry.com/assets/content-addressable-storage/frontend/7550243bbd8f10dea951f4bff285af6abb878362d471d186cc23b7e83c9e39ba.js:1
[  199191ms] [WARNING] [Blueprint] useHotkeys() was used outside of a <HotkeysProvider> context. These hotkeys will not be shown in the hotkeys help dialog. @ https://salimentos-ia.palantirfoundry.com/assets/content-addressable-storage/frontend/8c6498fe2e33d10b91bfbde02d8da1ac9c3800a673f88709eef6586db133fafc.js:1
[  199193ms] [LOG] Redoodle logging turned off when running in production. @ https://salimentos-ia.palantirfoundry.com/assets/content-addressable-storage/frontend/7550243bbd8f10dea951f4bff285af6abb878362d471d186cc23b7e83c9e39ba.js:2
[  199391ms] [WARNING] [Blueprint] useHotkeys() was used outside of a <HotkeysProvider> context. These hotkeys will not be shown in the hotkeys help dialog. @ https://salimentos-ia.palantirfoundry.com/assets/content-addressable-storage/frontend/8c6498fe2e33d10b91bfbde02d8da1ac9c3800a673f88709eef6586db133fafc.js:1
[  216375ms] [WARNING] [Blueprint] useHotkeys() was used outside of a <HotkeysProvider> context. These hotkeys will not be shown in the hotkeys help dialog. @ https://salimentos-ia.palantirfoundry.com/assets/content-addressable-storage/frontend/8c6498fe2e33d10b91bfbde02d8da1ac9c3800a673f88709eef6586db133fafc.js:1
[  216378ms] [LOG] Redoodle logging turned off when running in production. @ https://salimentos-ia.palantirfoundry.com/assets/content-addressable-storage/frontend/7550243bbd8f10dea951f4bff285af6abb878362d471d186cc23b7e83c9e39ba.js:2
[  216525ms] [WARNING] [Blueprint] useHotkeys() was used outside of a <HotkeysProvider> context. These hotkeys will not be shown in the hotkeys help dialog. @ https://salimentos-ia.palantirfoundry.com/assets/content-addressable-storage/frontend/8c6498fe2e33d10b91bfbde02d8da1ac9c3800a673f88709eef6586db133fafc.js:1
[  233320ms] [WARNING] [Blueprint] useHotkeys() was used outside of a <HotkeysProvider> context. These hotkeys will not be shown in the hotkeys help dialog. @ https://salimentos-ia.palantirfoundry.com/assets/content-addressable-storage/frontend/8c6498fe2e33d10b91bfbde02d8da1ac9c3800a673f88709eef6586db133fafc.js:1
[  233322ms] [LOG] Redoodle logging turned off when running in production. @ https://salimentos-ia.palantirfoundry.com/assets/content-addressable-storage/frontend/7550243bbd8f10dea951f4bff285af6abb878362d471d186cc23b7e83c9e39ba.js:2
[  233532ms] [WARNING] [Blueprint] useHotkeys() was used outside of a <HotkeysProvider> context. These hotkeys will not be shown in the hotkeys help dialog. @ https://salimentos-ia.palantirfoundry.com/assets/content-addressable-storage/frontend/8c6498fe2e33d10b91bfbde02d8da1ac9c3800a673f88709eef6586db133fafc.js:1
[  244183ms] [WARNING] [Blueprint] useHotkeys() was used outside of a <HotkeysProvider> context. These hotkeys will not be shown in the hotkeys help dialog. @ https://salimentos-ia.palantirfoundry.com/assets/content-addressable-storage/frontend/8c6498fe2e33d10b91bfbde02d8da1ac9c3800a673f88709eef6586db133fafc.js:1
[  244186ms] [LOG] Redoodle logging turned off when running in production. @ https://salimentos-ia.palantirfoundry.com/assets/content-addressable-storage/frontend/7550243bbd8f10dea951f4bff285af6abb878362d471d186cc23b7e83c9e39ba.js:2
[  244341ms] [WARNING] [Blueprint] useHotkeys() was used outside of a <HotkeysProvider> context. These hotkeys will not be shown in the hotkeys help dialog. @ https://salimentos-ia.palantirfoundry.com/assets/content-addressable-storage/frontend/8c6498fe2e33d10b91bfbde02d8da1ac9c3800a673f88709eef6586db133fafc.js:1
[  256678ms] [WARNING] [Blueprint] useHotkeys() was used outside of a <HotkeysProvider> context. These hotkeys will not be shown in the hotkeys help dialog. @ https://salimentos-ia.palantirfoundry.com/assets/content-addressable-storage/frontend/8c6498fe2e33d10b91bfbde02d8da1ac9c3800a673f88709eef6586db133fafc.js:1
[  256680ms] [LOG] Redoodle logging turned off when running in production. @ https://salimentos-ia.palantirfoundry.com/assets/content-addressable-storage/frontend/7550243bbd8f10dea951f4bff285af6abb878362d471d186cc23b7e83c9e39ba.js:2
[  256840ms] [WARNING] [Blueprint] useHotkeys() was used outside of a <HotkeysProvider> context. These hotkeys will not be shown in the hotkeys help dialog. @ https://salimentos-ia.palantirfoundry.com/assets/content-addressable-storage/frontend/8c6498fe2e33d10b91bfbde02d8da1ac9c3800a673f88709eef6586db133fafc.js:1
[  270803ms] [WARNING] [Blueprint] useHotkeys() was used outside of a <HotkeysProvider> context. These hotkeys will not be shown in the hotkeys help dialog. @ https://salimentos-ia.palantirfoundry.com/assets/content-addressable-storage/frontend/8c6498fe2e33d10b91bfbde02d8da1ac9c3800a673f88709eef6586db133fafc.js:1
[  270805ms] [LOG] Redoodle logging turned off when running in production. @ https://salimentos-ia.palantirfoundry.com/assets/content-addressable-storage/frontend/7550243bbd8f10dea951f4bff285af6abb878362d471d186cc23b7e83c9e39ba.js:2
[  270984ms] [WARNING] [Blueprint] useHotkeys() was used outside of a <HotkeysProvider> context. These hotkeys will not be shown in the hotkeys help dialog. @ https://salimentos-ia.palantirfoundry.com/assets/content-addressable-storage/frontend/8c6498fe2e33d10b91bfbde02d8da1ac9c3800a673f88709eef6586db133fafc.js:1
[  280854ms] [WARNING] [Blueprint] useHotkeys() was used outside of a <HotkeysProvider> context. These hotkeys will not be shown in the hotkeys help dialog. @ https://salimentos-ia.palantirfoundry.com/assets/content-addressable-storage/frontend/8c6498fe2e33d10b91bfbde02d8da1ac9c3800a673f88709eef6586db133fafc.js:1
[  280856ms] [LOG] Redoodle logging turned off when running in production. @ https://salimentos-ia.palantirfoundry.com/assets/content-addressable-storage/frontend/7550243bbd8f10dea951f4bff285af6abb878362d471d186cc23b7e83c9e39ba.js:2
[  281094ms] [WARNING] [Blueprint] useHotkeys() was used outside of a <HotkeysProvider> context. These hotkeys will not be shown in the hotkeys help dialog. @ https://salimentos-ia.palantirfoundry.com/assets/content-addressable-storage/frontend/8c6498fe2e33d10b91bfbde02d8da1ac9c3800a673f88709eef6586db133fafc.js:1
[  292507ms] [WARNING] [Blueprint] useHotkeys() was used outside of a <HotkeysProvider> context. These hotkeys will not be shown in the hotkeys help dialog. @ https://salimentos-ia.palantirfoundry.com/assets/content-addressable-storage/frontend/8c6498fe2e33d10b91bfbde02d8da1ac9c3800a673f88709eef6586db133fafc.js:1
[  292509ms] [LOG] Redoodle logging turned off when running in production. @ https://salimentos-ia.palantirfoundry.com/assets/content-addressable-storage/frontend/7550243bbd8f10dea951f4bff285af6abb878362d471d186cc23b7e83c9e39ba.js:2
[  292672ms] [WARNING] [Blueprint] useHotkeys() was used outside of a <HotkeysProvider> context. These hotkeys will not be shown in the hotkeys help dialog. @ https://salimentos-ia.palantirfoundry.com/assets/content-addressable-storage/frontend/8c6498fe2e33d10b91bfbde02d8da1ac9c3800a673f88709eef6586db133fafc.js:1
[  301503ms] [WARNING] [Blueprint] useHotkeys() was used outside of a <HotkeysProvider> context. These hotkeys will not be shown in the hotkeys help dialog. @ https://salimentos-ia.palantirfoundry.com/assets/content-addressable-storage/frontend/8c6498fe2e33d10b91bfbde02d8da1ac9c3800a673f88709eef6586db133fafc.js:1
[  301505ms] [LOG] Redoodle logging turned off when running in production. @ https://salimentos-ia.palantirfoundry.com/assets/content-addressable-storage/frontend/7550243bbd8f10dea951f4bff285af6abb878362d471d186cc23b7e83c9e39ba.js:2
[  301674ms] [WARNING] [Blueprint] useHotkeys() was used outside of a <HotkeysProvider> context. These hotkeys will not be shown in the hotkeys help dialog. @ https://salimentos-ia.palantirfoundry.com/assets/content-addressable-storage/frontend/8c6498fe2e33d10b91bfbde02d8da1ac9c3800a673f88709eef6586db133fafc.js:1
[  314316ms] [WARNING] [Blueprint] useHotkeys() was used outside of a <HotkeysProvider> context. These hotkeys will not be shown in the hotkeys help dialog. @ https://salimentos-ia.palantirfoundry.com/assets/content-addressable-storage/frontend/8c6498fe2e33d10b91bfbde02d8da1ac9c3800a673f88709eef6586db133fafc.js:1
[  314319ms] [LOG] Redoodle logging turned off when running in production. @ https://salimentos-ia.palantirfoundry.com/assets/content-addressable-storage/frontend/7550243bbd8f10dea951f4bff285af6abb878362d471d186cc23b7e83c9e39ba.js:2
[  314486ms] [WARNING] [Blueprint] useHotkeys() was used outside of a <HotkeysProvider> context. These hotkeys will not be shown in the hotkeys help dialog. @ https://salimentos-ia.palantirfoundry.com/assets/content-addressable-storage/frontend/8c6498fe2e33d10b91bfbde02d8da1ac9c3800a673f88709eef6586db133fafc.js:1
[  323106ms] [WARNING] [Blueprint] useHotkeys() was used outside of a <HotkeysProvider> context. These hotkeys will not be shown in the hotkeys help dialog. @ https://salimentos-ia.palantirfoundry.com/assets/content-addressable-storage/frontend/8c6498fe2e33d10b91bfbde02d8da1ac9c3800a673f88709eef6586db133fafc.js:1
[  323109ms] [LOG] Redoodle logging turned off when running in production. @ https://salimentos-ia.palantirfoundry.com/assets/content-addressable-storage/frontend/7550243bbd8f10dea951f4bff285af6abb878362d471d186cc23b7e83c9e39ba.js:2
[  323271ms] [WARNING] [Blueprint] useHotkeys() was used outside of a <HotkeysProvider> context. These hotkeys will not be shown in the hotkeys help dialog. @ https://salimentos-ia.palantirfoundry.com/assets/content-addressable-storage/frontend/8c6498fe2e33d10b91bfbde02d8da1ac9c3800a673f88709eef6586db133fafc.js:1
[  334590ms] [WARNING] [Blueprint] useHotkeys() was used outside of a <HotkeysProvider> context. These hotkeys will not be shown in the hotkeys help dialog. @ https://salimentos-ia.palantirfoundry.com/assets/content-addressable-storage/frontend/8c6498fe2e33d10b91bfbde02d8da1ac9c3800a673f88709eef6586db133fafc.js:1
[  334593ms] [LOG] Redoodle logging turned off when running in production. @ https://salimentos-ia.palantirfoundry.com/assets/content-addressable-storage/frontend/7550243bbd8f10dea951f4bff285af6abb878362d471d186cc23b7e83c9e39ba.js:2
[  334782ms] [WARNING] [Blueprint] useHotkeys() was used outside of a <HotkeysProvider> context. These hotkeys will not be shown in the hotkeys help dialog. @ https://salimentos-ia.palantirfoundry.com/assets/content-addressable-storage/frontend/8c6498fe2e33d10b91bfbde02d8da1ac9c3800a673f88709eef6586db133fafc.js:1
[  344762ms] [WARNING] [Blueprint] useHotkeys() was used outside of a <HotkeysProvider> context. These hotkeys will not be shown in the hotkeys help dialog. @ https://salimentos-ia.palantirfoundry.com/assets/content-addressable-storage/frontend/8c6498fe2e33d10b91bfbde02d8da1ac9c3800a673f88709eef6586db133fafc.js:1
[  344764ms] [LOG] Redoodle logging turned off when running in production. @ https://salimentos-ia.palantirfoundry.com/assets/content-addressable-storage/frontend/7550243bbd8f10dea951f4bff285af6abb878362d471d186cc23b7e83c9e39ba.js:2
[  344938ms] [WARNING] [Blueprint] useHotkeys() was used outside of a <HotkeysProvider> context. These hotkeys will not be shown in the hotkeys help dialog. @ https://salimentos-ia.palantirfoundry.com/assets/content-addressable-storage/frontend/8c6498fe2e33d10b91bfbde02d8da1ac9c3800a673f88709eef6586db133fafc.js:1
[  355972ms] [WARNING] [Blueprint] useHotkeys() was used outside of a <HotkeysProvider> context. These hotkeys will not be shown in the hotkeys help dialog. @ https://salimentos-ia.palantirfoundry.com/assets/content-addressable-storage/frontend/8c6498fe2e33d10b91bfbde02d8da1ac9c3800a673f88709eef6586db133fafc.js:1
[  355975ms] [LOG] Redoodle logging turned off when running in production. @ https://salimentos-ia.palantirfoundry.com/assets/content-addressable-storage/frontend/7550243bbd8f10dea951f4bff285af6abb878362d471d186cc23b7e83c9e39ba.js:2
[  356154ms] [WARNING] [Blueprint] useHotkeys() was used outside of a <HotkeysProvider> context. These hotkeys will not be shown in the hotkeys help dialog. @ https://salimentos-ia.palantirfoundry.com/assets/content-addressable-storage/frontend/8c6498fe2e33d10b91bfbde02d8da1ac9c3800a673f88709eef6586db133fafc.js:1
[  364161ms] [WARNING] [Blueprint] useHotkeys() was used outside of a <HotkeysProvider> context. These hotkeys will not be shown in the hotkeys help dialog. @ https://salimentos-ia.palantirfoundry.com/assets/content-addressable-storage/frontend/8c6498fe2e33d10b91bfbde02d8da1ac9c3800a673f88709eef6586db133fafc.js:1
[  364163ms] [LOG] Redoodle logging turned off when running in production. @ https://salimentos-ia.palantirfoundry.com/assets/content-addressable-storage/frontend/7550243bbd8f10dea951f4bff285af6abb878362d471d186cc23b7e83c9e39ba.js:2
[  364349ms] [WARNING] [Blueprint] useHotkeys() was used outside of a <HotkeysProvider> context. These hotkeys will not be shown in the hotkeys help dialog. @ https://salimentos-ia.palantirfoundry.com/assets/content-addressable-storage/frontend/8c6498fe2e33d10b91bfbde02d8da1ac9c3800a673f88709eef6586db133fafc.js:1
[  382040ms] [WARNING] [Blueprint] useHotkeys() was used outside of a <HotkeysProvider> context. These hotkeys will not be shown in the hotkeys help dialog. @ https://salimentos-ia.palantirfoundry.com/assets/content-addressable-storage/frontend/8c6498fe2e33d10b91bfbde02d8da1ac9c3800a673f88709eef6586db133fafc.js:1
[  382042ms] [LOG] Redoodle logging turned off when running in production. @ https://salimentos-ia.palantirfoundry.com/assets/content-addressable-storage/frontend/7550243bbd8f10dea951f4bff285af6abb878362d471d186cc23b7e83c9e39ba.js:2
[  382195ms] [WARNING] [Blueprint] useHotkeys() was used outside of a <HotkeysProvider> context. These hotkeys will not be shown in the hotkeys help dialog. @ https://salimentos-ia.palantirfoundry.com/assets/content-addressable-storage/frontend/8c6498fe2e33d10b91bfbde02d8da1ac9c3800a673f88709eef6586db133fafc.js:1
[  395094ms] [WARNING] [Blueprint] useHotkeys() was used outside of a <HotkeysProvider> context. These hotkeys will not be shown in the hotkeys help dialog. @ https://salimentos-ia.palantirfoundry.com/assets/content-addressable-storage/frontend/8c6498fe2e33d10b91bfbde02d8da1ac9c3800a673f88709eef6586db133fafc.js:1
[  395096ms] [LOG] Redoodle logging turned off when running in production. @ https://salimentos-ia.palantirfoundry.com/assets/content-addressable-storage/frontend/7550243bbd8f10dea951f4bff285af6abb878362d471d186cc23b7e83c9e39ba.js:2
[  395257ms] [WARNING] [Blueprint] useHotkeys() was used outside of a <HotkeysProvider> context. These hotkeys will not be shown in the hotkeys help dialog. @ https://salimentos-ia.palantirfoundry.com/assets/content-addressable-storage/frontend/8c6498fe2e33d10b91bfbde02d8da1ac9c3800a673f88709eef6586db133fafc.js:1
[  403717ms] [WARNING] [Blueprint] useHotkeys() was used outside of a <HotkeysProvider> context. These hotkeys will not be shown in the hotkeys help dialog. @ https://salimentos-ia.palantirfoundry.com/assets/content-addressable-storage/frontend/8c6498fe2e33d10b91bfbde02d8da1ac9c3800a673f88709eef6586db133fafc.js:1
[  403719ms] [LOG] Redoodle logging turned off when running in production. @ https://salimentos-ia.palantirfoundry.com/assets/content-addressable-storage/frontend/7550243bbd8f10dea951f4bff285af6abb878362d471d186cc23b7e83c9e39ba.js:2
[  403864ms] [WARNING] [Blueprint] useHotkeys() was used outside of a <HotkeysProvider> context. These hotkeys will not be shown in the hotkeys help dialog. @ https://salimentos-ia.palantirfoundry.com/assets/content-addressable-storage/frontend/8c6498fe2e33d10b91bfbde02d8da1ac9c3800a673f88709eef6586db133fafc.js:1
[  413197ms] [WARNING] [Blueprint] useHotkeys() was used outside of a <HotkeysProvider> context. These hotkeys will not be shown in the hotkeys help dialog. @ https://salimentos-ia.palantirfoundry.com/assets/content-addressable-storage/frontend/8c6498fe2e33d10b91bfbde02d8da1ac9c3800a673f88709eef6586db133fafc.js:1
[  413199ms] [LOG] Redoodle logging turned off when running in production. @ https://salimentos-ia.palantirfoundry.com/assets/content-addressable-storage/frontend/7550243bbd8f10dea951f4bff285af6abb878362d471d186cc23b7e83c9e39ba.js:2
[  413339ms] [WARNING] [Blueprint] useHotkeys() was used outside of a <HotkeysProvider> context. These hotkeys will not be shown in the hotkeys help dialog. @ https://salimentos-ia.palantirfoundry.com/assets/content-addressable-storage/frontend/8c6498fe2e33d10b91bfbde02d8da1ac9c3800a673f88709eef6586db133fafc.js:1
[  429140ms] [WARNING] [Blueprint] useHotkeys() was used outside of a <HotkeysProvider> context. These hotkeys will not be shown in the hotkeys help dialog. @ https://salimentos-ia.palantirfoundry.com/assets/content-addressable-storage/frontend/8c6498fe2e33d10b91bfbde02d8da1ac9c3800a673f88709eef6586db133fafc.js:1
[  429142ms] [LOG] Redoodle logging turned off when running in production. @ https://salimentos-ia.palantirfoundry.com/assets/content-addressable-storage/frontend/7550243bbd8f10dea951f4bff285af6abb878362d471d186cc23b7e83c9e39ba.js:2
[  429336ms] [WARNING] [Blueprint] useHotkeys() was used outside of a <HotkeysProvider> context. These hotkeys will not be shown in the hotkeys help dialog. @ https://salimentos-ia.palantirfoundry.com/assets/content-addressable-storage/frontend/8c6498fe2e33d10b91bfbde02d8da1ac9c3800a673f88709eef6586db133fafc.js:1
[  438760ms] [WARNING] [Blueprint] useHotkeys() was used outside of a <HotkeysProvider> context. These hotkeys will not be shown in the hotkeys help dialog. @ https://salimentos-ia.palantirfoundry.com/assets/content-addressable-storage/frontend/8c6498fe2e33d10b91bfbde02d8da1ac9c3800a673f88709eef6586db133fafc.js:1
[  438762ms] [LOG] Redoodle logging turned off when running in production. @ https://salimentos-ia.palantirfoundry.com/assets/content-addressable-storage/frontend/7550243bbd8f10dea951f4bff285af6abb878362d471d186cc23b7e83c9e39ba.js:2
[  438900ms] [WARNING] [Blueprint] useHotkeys() was used outside of a <HotkeysProvider> context. These hotkeys will not be shown in the hotkeys help dialog. @ https://salimentos-ia.palantirfoundry.com/assets/content-addressable-storage/frontend/8c6498fe2e33d10b91bfbde02d8da1ac9c3800a673f88709eef6586db133fafc.js:1
[  450651ms] [WARNING] [Blueprint] useHotkeys() was used outside of a <HotkeysProvider> context. These hotkeys will not be shown in the hotkeys help dialog. @ https://salimentos-ia.palantirfoundry.com/assets/content-addressable-storage/frontend/8c6498fe2e33d10b91bfbde02d8da1ac9c3800a673f88709eef6586db133fafc.js:1
[  450653ms] [LOG] Redoodle logging turned off when running in production. @ https://salimentos-ia.palantirfoundry.com/assets/content-addressable-storage/frontend/7550243bbd8f10dea951f4bff285af6abb878362d471d186cc23b7e83c9e39ba.js:2
[  450938ms] [WARNING] [Blueprint] useHotkeys() was used outside of a <HotkeysProvider> context. These hotkeys will not be shown in the hotkeys help dialog. @ https://salimentos-ia.palantirfoundry.com/assets/content-addressable-storage/frontend/8c6498fe2e33d10b91bfbde02d8da1ac9c3800a673f88709eef6586db133fafc.js:1
[  464535ms] [WARNING] [Blueprint] useHotkeys() was used outside of a <HotkeysProvider> context. These hotkeys will not be shown in the hotkeys help dialog. @ https://salimentos-ia.palantirfoundry.com/assets/content-addressable-storage/frontend/8c6498fe2e33d10b91bfbde02d8da1ac9c3800a673f88709eef6586db133fafc.js:1
[  464538ms] [LOG] Redoodle logging turned off when running in production. @ https://salimentos-ia.palantirfoundry.com/assets/content-addressable-storage/frontend/7550243bbd8f10dea951f4bff285af6abb878362d471d186cc23b7e83c9e39ba.js:2
[  464720ms] [WARNING] [Blueprint] useHotkeys() was used outside of a <HotkeysProvider> context. These hotkeys will not be shown in the hotkeys help dialog. @ https://salimentos-ia.palantirfoundry.com/assets/content-addressable-storage/frontend/8c6498fe2e33d10b91bfbde02d8da1ac9c3800a673f88709eef6586db133fafc.js:1
[  479744ms] [WARNING] [Blueprint] useHotkeys() was used outside of a <HotkeysProvider> context. These hotkeys will not be shown in the hotkeys help dialog. @ https://salimentos-ia.palantirfoundry.com/assets/content-addressable-storage/frontend/8c6498fe2e33d10b91bfbde02d8da1ac9c3800a673f88709eef6586db133fafc.js:1
[  479746ms] [LOG] Redoodle logging turned off when running in production. @ https://salimentos-ia.palantirfoundry.com/assets/content-addressable-storage/frontend/7550243bbd8f10dea951f4bff285af6abb878362d471d186cc23b7e83c9e39ba.js:2
[  480033ms] [WARNING] [Blueprint] useHotkeys() was used outside of a <HotkeysProvider> context. These hotkeys will not be shown in the hotkeys help dialog. @ https://salimentos-ia.palantirfoundry.com/assets/content-addressable-storage/frontend/8c6498fe2e33d10b91bfbde02d8da1ac9c3800a673f88709eef6586db133fafc.js:1
[  488600ms] [WARNING] [Blueprint] useHotkeys() was used outside of a <HotkeysProvider> context. These hotkeys will not be shown in the hotkeys help dialog. @ https://salimentos-ia.palantirfoundry.com/assets/content-addressable-storage/frontend/8c6498fe2e33d10b91bfbde02d8da1ac9c3800a673f88709eef6586db133fafc.js:1
[  488602ms] [LOG] Redoodle logging turned off when running in production. @ https://salimentos-ia.palantirfoundry.com/assets/content-addressable-storage/frontend/7550243bbd8f10dea951f4bff285af6abb878362d471d186cc23b7e83c9e39ba.js:2
[  488763ms] [WARNING] [Blueprint] useHotkeys() was used outside of a <HotkeysProvider> context. These hotkeys will not be shown in the hotkeys help dialog. @ https://salimentos-ia.palantirfoundry.com/assets/content-addressable-storage/frontend/8c6498fe2e33d10b91bfbde02d8da1ac9c3800a673f88709eef6586db133fafc.js:1
[  498200ms] [WARNING] [Blueprint] useHotkeys() was used outside of a <HotkeysProvider> context. These hotkeys will not be shown in the hotkeys help dialog. @ https://salimentos-ia.palantirfoundry.com/assets/content-addressable-storage/frontend/8c6498fe2e33d10b91bfbde02d8da1ac9c3800a673f88709eef6586db133fafc.js:1
[  498202ms] [LOG] Redoodle logging turned off when running in production. @ https://salimentos-ia.palantirfoundry.com/assets/content-addressable-storage/frontend/7550243bbd8f10dea951f4bff285af6abb878362d471d186cc23b7e83c9e39ba.js:2
[  498398ms] [WARNING] [Blueprint] useHotkeys() was used outside of a <HotkeysProvider> context. These hotkeys will not be shown in the hotkeys help dialog. @ https://salimentos-ia.palantirfoundry.com/assets/content-addressable-storage/frontend/8c6498fe2e33d10b91bfbde02d8da1ac9c3800a673f88709eef6586db133fafc.js:1
[  508473ms] [WARNING] [Blueprint] useHotkeys() was used outside of a <HotkeysProvider> context. These hotkeys will not be shown in the hotkeys help dialog. @ https://salimentos-ia.palantirfoundry.com/assets/content-addressable-storage/frontend/8c6498fe2e33d10b91bfbde02d8da1ac9c3800a673f88709eef6586db133fafc.js:1
[  508475ms] [LOG] Redoodle logging turned off when running in production. @ https://salimentos-ia.palantirfoundry.com/assets/content-addressable-storage/frontend/7550243bbd8f10dea951f4bff285af6abb878362d471d186cc23b7e83c9e39ba.js:2
[  508631ms] [WARNING] [Blueprint] useHotkeys() was used outside of a <HotkeysProvider> context. These hotkeys will not be shown in the hotkeys help dialog. @ https://salimentos-ia.palantirfoundry.com/assets/content-addressable-storage/frontend/8c6498fe2e33d10b91bfbde02d8da1ac9c3800a673f88709eef6586db133fafc.js:1
[  519133ms] [WARNING] [Blueprint] useHotkeys() was used outside of a <HotkeysProvider> context. These hotkeys will not be shown in the hotkeys help dialog. @ https://salimentos-ia.palantirfoundry.com/assets/content-addressable-storage/frontend/8c6498fe2e33d10b91bfbde02d8da1ac9c3800a673f88709eef6586db133fafc.js:1
[  519135ms] [LOG] Redoodle logging turned off when running in production. @ https://salimentos-ia.palantirfoundry.com/assets/content-addressable-storage/frontend/7550243bbd8f10dea951f4bff285af6abb878362d471d186cc23b7e83c9e39ba.js:2
[  519284ms] [WARNING] [Blueprint] useHotkeys() was used outside of a <HotkeysProvider> context. These hotkeys will not be shown in the hotkeys help dialog. @ https://salimentos-ia.palantirfoundry.com/assets/content-addressable-storage/frontend/8c6498fe2e33d10b91bfbde02d8da1ac9c3800a673f88709eef6586db133fafc.js:1
[  528802ms] [WARNING] [Blueprint] useHotkeys() was used outside of a <HotkeysProvider> context. These hotkeys will not be shown in the hotkeys help dialog. @ https://salimentos-ia.palantirfoundry.com/assets/content-addressable-storage/frontend/8c6498fe2e33d10b91bfbde02d8da1ac9c3800a673f88709eef6586db133fafc.js:1
[  528804ms] [LOG] Redoodle logging turned off when running in production. @ https://salimentos-ia.palantirfoundry.com/assets/content-addressable-storage/frontend/7550243bbd8f10dea951f4bff285af6abb878362d471d186cc23b7e83c9e39ba.js:2
[  528981ms] [WARNING] [Blueprint] useHotkeys() was used outside of a <HotkeysProvider> context. These hotkeys will not be shown in the hotkeys help dialog. @ https://salimentos-ia.palantirfoundry.com/assets/content-addressable-storage/frontend/8c6498fe2e33d10b91bfbde02d8da1ac9c3800a673f88709eef6586db133fafc.js:1
[  542502ms] [WARNING] [Blueprint] useHotkeys() was used outside of a <HotkeysProvider> context. These hotkeys will not be shown in the hotkeys help dialog. @ https://salimentos-ia.palantirfoundry.com/assets/content-addressable-storage/frontend/8c6498fe2e33d10b91bfbde02d8da1ac9c3800a673f88709eef6586db133fafc.js:1
[  542504ms] [LOG] Redoodle logging turned off when running in production. @ https://salimentos-ia.palantirfoundry.com/assets/content-addressable-storage/frontend/7550243bbd8f10dea951f4bff285af6abb878362d471d186cc23b7e83c9e39ba.js:2
[  542672ms] [WARNING] [Blueprint] useHotkeys() was used outside of a <HotkeysProvider> context. These hotkeys will not be shown in the hotkeys help dialog. @ https://salimentos-ia.palantirfoundry.com/assets/content-addressable-storage/frontend/8c6498fe2e33d10b91bfbde02d8da1ac9c3800a673f88709eef6586db133fafc.js:1
[  557317ms] [WARNING] [Blueprint] useHotkeys() was used outside of a <HotkeysProvider> context. These hotkeys will not be shown in the hotkeys help dialog. @ https://salimentos-ia.palantirfoundry.com/assets/content-addressable-storage/frontend/8c6498fe2e33d10b91bfbde02d8da1ac9c3800a673f88709eef6586db133fafc.js:1
[  557319ms] [LOG] Redoodle logging turned off when running in production. @ https://salimentos-ia.palantirfoundry.com/assets/content-addressable-storage/frontend/7550243bbd8f10dea951f4bff285af6abb878362d471d186cc23b7e83c9e39ba.js:2
[  557456ms] [WARNING] [Blueprint] useHotkeys() was used outside of a <HotkeysProvider> context. These hotkeys will not be shown in the hotkeys help dialog. @ https://salimentos-ia.palantirfoundry.com/assets/content-addressable-storage/frontend/8c6498fe2e33d10b91bfbde02d8da1ac9c3800a673f88709eef6586db133fafc.js:1
[  568462ms] [WARNING] [Blueprint] useHotkeys() was used outside of a <HotkeysProvider> context. These hotkeys will not be shown in the hotkeys help dialog. @ https://salimentos-ia.palantirfoundry.com/assets/content-addressable-storage/frontend/8c6498fe2e33d10b91bfbde02d8da1ac9c3800a673f88709eef6586db133fafc.js:1
[  568465ms] [LOG] Redoodle logging turned off when running in production. @ https://salimentos-ia.palantirfoundry.com/assets/content-addressable-storage/frontend/7550243bbd8f10dea951f4bff285af6abb878362d471d186cc23b7e83c9e39ba.js:2
[  568637ms] [WARNING] [Blueprint] useHotkeys() was used outside of a <HotkeysProvider> context. These hotkeys will not be shown in the hotkeys help dialog. @ https://salimentos-ia.palantirfoundry.com/assets/content-addressable-storage/frontend/8c6498fe2e33d10b91bfbde02d8da1ac9c3800a673f88709eef6586db133fafc.js:1
[  579701ms] [WARNING] [Blueprint] useHotkeys() was used outside of a <HotkeysProvider> context. These hotkeys will not be shown in the hotkeys help dialog. @ https://salimentos-ia.palantirfoundry.com/assets/content-addressable-storage/frontend/8c6498fe2e33d10b91bfbde02d8da1ac9c3800a673f88709eef6586db133fafc.js:1
[  579703ms] [LOG] Redoodle logging turned off when running in production. @ https://salimentos-ia.palantirfoundry.com/assets/content-addressable-storage/frontend/7550243bbd8f10dea951f4bff285af6abb878362d471d186cc23b7e83c9e39ba.js:2
[  579885ms] [WARNING] [Blueprint] useHotkeys() was used outside of a <HotkeysProvider> context. These hotkeys will not be shown in the hotkeys help dialog. @ https://salimentos-ia.palantirfoundry.com/assets/content-addressable-storage/frontend/8c6498fe2e33d10b91bfbde02d8da1ac9c3800a673f88709eef6586db133fafc.js:1
[  590692ms] [WARNING] [Blueprint] useHotkeys() was used outside of a <HotkeysProvider> context. These hotkeys will not be shown in the hotkeys help dialog. @ https://salimentos-ia.palantirfoundry.com/assets/content-addressable-storage/frontend/8c6498fe2e33d10b91bfbde02d8da1ac9c3800a673f88709eef6586db133fafc.js:1
[  590694ms] [LOG] Redoodle logging turned off when running in production. @ https://salimentos-ia.palantirfoundry.com/assets/content-addressable-storage/frontend/7550243bbd8f10dea951f4bff285af6abb878362d471d186cc23b7e83c9e39ba.js:2
[  590872ms] [WARNING] [Blueprint] useHotkeys() was used outside of a <HotkeysProvider> context. These hotkeys will not be shown in the hotkeys help dialog. @ https://salimentos-ia.palantirfoundry.com/assets/content-addressable-storage/frontend/8c6498fe2e33d10b91bfbde02d8da1ac9c3800a673f88709eef6586db133fafc.js:1
[  602349ms] [WARNING] [Blueprint] useHotkeys() was used outside of a <HotkeysProvider> context. These hotkeys will not be shown in the hotkeys help dialog. @ https://salimentos-ia.palantirfoundry.com/assets/content-addressable-storage/frontend/8c6498fe2e33d10b91bfbde02d8da1ac9c3800a673f88709eef6586db133fafc.js:1
[  602352ms] [LOG] Redoodle logging turned off when running in production. @ https://salimentos-ia.palantirfoundry.com/assets/content-addressable-storage/frontend/7550243bbd8f10dea951f4bff285af6abb878362d471d186cc23b7e83c9e39ba.js:2
[  602555ms] [WARNING] [Blueprint] useHotkeys() was used outside of a <HotkeysProvider> context. These hotkeys will not be shown in the hotkeys help dialog. @ https://salimentos-ia.palantirfoundry.com/assets/content-addressable-storage/frontend/8c6498fe2e33d10b91bfbde02d8da1ac9c3800a673f88709eef6586db133fafc.js:1
[  617462ms] [WARNING] [Blueprint] useHotkeys() was used outside of a <HotkeysProvider> context. These hotkeys will not be shown in the hotkeys help dialog. @ https://salimentos-ia.palantirfoundry.com/assets/content-addressable-storage/frontend/8c6498fe2e33d10b91bfbde02d8da1ac9c3800a673f88709eef6586db133fafc.js:1
[  617465ms] [LOG] Redoodle logging turned off when running in production. @ https://salimentos-ia.palantirfoundry.com/assets/content-addressable-storage/frontend/7550243bbd8f10dea951f4bff285af6abb878362d471d186cc23b7e83c9e39ba.js:2
[  617651ms] [WARNING] [Blueprint] useHotkeys() was used outside of a <HotkeysProvider> context. These hotkeys will not be shown in the hotkeys help dialog. @ https://salimentos-ia.palantirfoundry.com/assets/content-addressable-storage/frontend/8c6498fe2e33d10b91bfbde02d8da1ac9c3800a673f88709eef6586db133fafc.js:1
[  627557ms] [WARNING] [Blueprint] useHotkeys() was used outside of a <HotkeysProvider> context. These hotkeys will not be shown in the hotkeys help dialog. @ https://salimentos-ia.palantirfoundry.com/assets/content-addressable-storage/frontend/8c6498fe2e33d10b91bfbde02d8da1ac9c3800a673f88709eef6586db133fafc.js:1
[  627559ms] [LOG] Redoodle logging turned off when running in production. @ https://salimentos-ia.palantirfoundry.com/assets/content-addressable-storage/frontend/7550243bbd8f10dea951f4bff285af6abb878362d471d186cc23b7e83c9e39ba.js:2
[  627717ms] [WARNING] [Blueprint] useHotkeys() was used outside of a <HotkeysProvider> context. These hotkeys will not be shown in the hotkeys help dialog. @ https://salimentos-ia.palantirfoundry.com/assets/content-addressable-storage/frontend/8c6498fe2e33d10b91bfbde02d8da1ac9c3800a673f88709eef6586db133fafc.js:1
[  640022ms] [WARNING] [Blueprint] useHotkeys() was used outside of a <HotkeysProvider> context. These hotkeys will not be shown in the hotkeys help dialog. @ https://salimentos-ia.palantirfoundry.com/assets/content-addressable-storage/frontend/8c6498fe2e33d10b91bfbde02d8da1ac9c3800a673f88709eef6586db133fafc.js:1
[  640024ms] [LOG] Redoodle logging turned off when running in production. @ https://salimentos-ia.palantirfoundry.com/assets/content-addressable-storage/frontend/7550243bbd8f10dea951f4bff285af6abb878362d471d186cc23b7e83c9e39ba.js:2
[  640196ms] [WARNING] [Blueprint] useHotkeys() was used outside of a <HotkeysProvider> context. These hotkeys will not be shown in the hotkeys help dialog. @ https://salimentos-ia.palantirfoundry.com/assets/content-addressable-storage/frontend/8c6498fe2e33d10b91bfbde02d8da1ac9c3800a673f88709eef6586db133fafc.js:1
[  659876ms] [WARNING] [Blueprint] useHotkeys() was used outside of a <HotkeysProvider> context. These hotkeys will not be shown in the hotkeys help dialog. @ https://salimentos-ia.palantirfoundry.com/assets/content-addressable-storage/frontend/8c6498fe2e33d10b91bfbde02d8da1ac9c3800a673f88709eef6586db133fafc.js:1
[  659881ms] [LOG] Redoodle logging turned off when running in production. @ https://salimentos-ia.palantirfoundry.com/assets/content-addressable-storage/frontend/7550243bbd8f10dea951f4bff285af6abb878362d471d186cc23b7e83c9e39ba.js:2
[  660058ms] [WARNING] [Blueprint] useHotkeys() was used outside of a <HotkeysProvider> context. These hotkeys will not be shown in the hotkeys help dialog. @ https://salimentos-ia.palantirfoundry.com/assets/content-addressable-storage/frontend/8c6498fe2e33d10b91bfbde02d8da1ac9c3800a673f88709eef6586db133fafc.js:1
[  670131ms] [WARNING] [Blueprint] useHotkeys() was used outside of a <HotkeysProvider> context. These hotkeys will not be shown in the hotkeys help dialog. @ https://salimentos-ia.palantirfoundry.com/assets/content-addressable-storage/frontend/8c6498fe2e33d10b91bfbde02d8da1ac9c3800a673f88709eef6586db133fafc.js:1
[  670133ms] [LOG] Redoodle logging turned off when running in production. @ https://salimentos-ia.palantirfoundry.com/assets/content-addressable-storage/frontend/7550243bbd8f10dea951f4bff285af6abb878362d471d186cc23b7e83c9e39ba.js:2
[  670308ms] [WARNING] [Blueprint] useHotkeys() was used outside of a <HotkeysProvider> context. These hotkeys will not be shown in the hotkeys help dialog. @ https://salimentos-ia.palantirfoundry.com/assets/content-addressable-storage/frontend/8c6498fe2e33d10b91bfbde02d8da1ac9c3800a673f88709eef6586db133fafc.js:1
[  690596ms] [WARNING] [Blueprint] useHotkeys() was used outside of a <HotkeysProvider> context. These hotkeys will not be shown in the hotkeys help dialog. @ https://salimentos-ia.palantirfoundry.com/assets/content-addressable-storage/frontend/8c6498fe2e33d10b91bfbde02d8da1ac9c3800a673f88709eef6586db133fafc.js:1
[  690598ms] [LOG] Redoodle logging turned off when running in production. @ https://salimentos-ia.palantirfoundry.com/assets/content-addressable-storage/frontend/7550243bbd8f10dea951f4bff285af6abb878362d471d186cc23b7e83c9e39ba.js:2
[  690762ms] [WARNING] [Blueprint] useHotkeys() was used outside of a <HotkeysProvider> context. These hotkeys will not be shown in the hotkeys help dialog. @ https://salimentos-ia.palantirfoundry.com/assets/content-addressable-storage/frontend/8c6498fe2e33d10b91bfbde02d8da1ac9c3800a673f88709eef6586db133fafc.js:1
